|
|T|
|T|T|
|T|E|T|
|T|E|S|T|
|T|E|S|T|E|
|E|S|T|E|
|E|S|T|
|S|T|
|S|
|
ERRO
|
ERRO
|
|E|
|T|E|
|N|T|E|
|E|N|T|E|
|R|E|N|T|E|
|F|R|E|N|T|E|
|_|F|R|E|N|T|E|
|A|_|F|R|E|N|T|E|
|L|A|_|F|R|E|N|T|E|
|E|L|A|_|F|R|E|N|T|E|
|P|E|L|A|_|F|R|E|N|T|E|
|_|P|E|L|A|_|F|R|E|N|T|E|
|A|_|P|E|L|A|_|F|R|E|N|T|E|
|D|A|_|P|E|L|A|_|F|R|E|N|T|E|
|I|D|A|_|P|E|L|A|_|F|R|E|N|T|E|
|R|I|D|A|_|P|E|L|A|_|F|R|E|N|T|E|
|E|R|I|D|A|_|P|E|L|A|_|F|R|E|N|T|E|
|S|E|R|I|D|A|_|P|E|L|A|_|F|R|E|N|T|E|
|N|S|E|R|I|D|A|_|P|E|L|A|_|F|R|E|N|T|E|
|I|N|S|E|R|I|D|A|_|P|E|L|A|_|F|R|E|N|T|E|
|_|I|N|S|E|R|I|D|A|_|P|E|L|A|_|F|R|E|N|T|E|
|M|_|I|N|S|E|R|I|D|A|_|P|E|L|A|_|F|R|E|N|T|E|
|E|M|_|I|N|S|E|R|I|D|A|_|P|E|L|A|_|F|R|E|N|T|E|
|G|E|M|_|I|N|S|E|R|I|D|A|_|P|E|L|A|_|F|R|E|N|T|E|
|A|G|E|M|_|I|N|S|E|R|I|D|A|_|P|E|L|A|_|F|R|E|N|T|E|
|S|A|G|E|M|_|I|N|S|E|R|I|D|A|_|P|E|L|A|_|F|R|E|N|T|E|
|N|S|A|G|E|M|_|I|N|S|E|R|I|D|A|_|P|E|L|A|_|F|R|E|N|T|E|
|E|N|S|A|G|E|M|_|I|N|S|E|R|I|D|A|_|P|E|L|A|_|F|R|E|N|T|E|
|M|E|N|S|A|G|E|M|_|I|N|S|E|R|I|D|A|_|P|E|L|A|_|F|R|E|N|T|E|
|M|E|N|S|A|G|E|M|_|I|N|S|E|R|I|D|A|_|E|L|A|_|F|R|E|N|T|E|
|M|E|N|S|A|G|E|M|_|I|N|S|E|R|I|D|A|_|E|L|A|_|F|R|E|N|T|
|M|E|N|S|A|G|E|M|_|I|N|S|E|R|I|D|A|_|L|A|_|F|R|E|N|T|
|M|E|N|S|A|G|E|M|_|I|N|S|E|R|I|D|A|_|L|A|_|F|R|E|N|
|M|E|N|S|A|G|E|M|_|I|N|S|E|R|I|D|A|_|A|_|F|R|E|N|
|M|E|N|S|A|G|E|M|_|I|N|S|E|R|I|D|A|_|A|_|F|R|E|
|M|E|N|S|A|G|E|M|_|I|N|S|E|R|I|D|A|_|_|F|R|E|
|M|E|N|S|A|G|E|M|_|I|N|S|E|R|I|D|A|_|_|F|R|
|M|E|N|S|A|G|E|M|_|I|N|S|E|R|I|D|A|_|F|R|
|M|E|N|S|A|G|E|M|_|I|N|S|E|R|I|D|A|_|F|
|M|E|N|S|A|G|E|M|_|I|N|S|E|R|I|D|A|_|
|M|E|N|S|A|G|E|M|_|I|N|S|E|R|I|D|A|
ERRO
|M|E|N|S|A|G|E|M|_|I|N|S|E|R|I|D|A|
|M|E|N|S|A|G|E|M|_|I|N|S|E|R|I|D|A|_|
|M|E|N|S|A|G|E|M|_|I|N|S|E|R|I|D|A|_|C|
|M|E|N|S|A|G|E|M|_|I|N|S|E|R|I|D|A|_|C|O|
|M|E|N|S|A|G|E|M|_|I|N|S|E|R|I|D|A|_|C|O|M|
|M|E|N|S|A|G|E|M|_|I|N|S|E|R|I|D|A|_|C|O|M|_|
|M|E|N|S|A|G|E|M|_|I|N|S|E|R|I|D|A|_|C|O|M|_|S|
|M|E|N|S|A|G|E|M|_|I|N|S|E|R|I|D|A|_|C|O|M|_|S|U|
|M|E|N|S|A|G|E|M|_|I|N|S|E|R|I|D|A|_|C|O|M|_|S|U|C|
|M|E|N|S|A|G|E|M|_|I|N|S|E|R|I|D|A|_|C|O|M|_|S|U|C|E|
|M|E|N|S|A|G|E|M|_|I|N|S|E|R|I|D|A|_|C|O|M|_|S|U|C|E|S|
|M|E|N|S|A|G|E|M|_|I|N|S|E|R|I|D|A|_|C|O|M|_|S|U|C|E|S|S|
|M|E|N|S|A|G|E|M|_|I|N|S|E|R|I|D|A|_|C|O|M|_|S|U|C|E|S|S|O|
|M|E|N|S|A|G|E|M|_|T|I|N|S|E|R|I|D|A|_|C|O|M|_|S|U|C|E|S|S|O|
|M|E|N|S|A|G|E|M|_|T|R|I|N|S|E|R|I|D|A|_|C|O|M|_|S|U|C|E|S|S|O|
|M|E|N|S|A|G|E|M|_|T|R|S|I|N|S|E|R|I|D|A|_|C|O|M|_|S|U|C|E|S|S|O|
|M|E|N|S|A|G|E|M|_|T|R|N|S|I|N|S|E|R|I|D|A|_|C|O|M|_|S|U|C|E|S|S|O|
|M|E|N|S|A|G|E|M|_|T|R|A|N|S|I|N|S|E|R|I|D|A|_|C|O|M|_|S|U|C|E|S|S|O|
|M|E|N|S|A|G|E|M|_|T|R|A|N|S|I|N|S|F|E|R|I|D|A|_|C|O|M|_|S|U|C|E|S|S|O|
|M|E|N|S|A|G|E|M|_|T|R|A|N|S|I|N|F|E|R|I|D|A|_|C|O|M|_|S|U|C|E|S|S|O|
|M|E|N|S|A|G|E|M|_|T|R|A|N|S|N|F|E|R|I|D|A|_|C|O|M|_|S|U|C|E|S|S|O|
|M|E|N|S|A|G|E|M|_|T|R|A|N|S|F|E|R|I|D|A|_|C|O|M|_|S|U|C|E|S|S|O|
|M|E|N|S|A|G|E|M|_|T|R|A|N|S|F|E|R|I|D|A|_|C|O|M|_|S|U|C|E|S|S|
|M|E|N|S|A|G|E|M|_|T|R|A|N|S|F|E|R|I|D|A|_|C|O|M|_|S|U|C|E|S|
|M|E|N|S|A|G|E|M|_|T|R|A|N|S|F|E|R|I|D|A|_|C|O|M|_|S|U|C|E|
|M|E|N|S|A|G|E|M|_|T|R|A|N|S|F|E|R|I|D|A|_|C|O|M|_|S|U|C|
|M|E|N|S|A|G|E|M|_|T|R|A|N|S|F|E|R|I|D|A|_|C|O|M|_|S|U|
|M|E|N|S|A|G|E|M|_|T|R|A|N|S|F|E|R|I|D|A|_|C|O|M|_|S|
|M|E|N|S|A|G|E|M|_|T|R|A|N|S|F|E|R|I|D|A|_|C|O|M|_|
|M|E|N|S|A|G|E|M|_|T|R|A|N|S|F|E|R|I|D|A|_|C|O|M|
|E|N|S|A|G|E|M|_|T|R|A|N|S|F|E|R|I|D|A|_|C|O|M|
|N|S|A|G|E|M|_|T|R|A|N|S|F|E|R|I|D|A|_|C|O|M|
|S|A|G|E|M|_|T|R|A|N|S|F|E|R|I|D|A|_|C|O|M|
|A|G|E|M|_|T|R|A|N|S|F|E|R|I|D|A|_|C|O|M|
|G|E|M|_|T|R|A|N|S|F|E|R|I|D|A|_|C|O|M|
|E|M|_|T|R|A|N|S|F|E|R|I|D|A|_|C|O|M|
|M|_|T|R|A|N|S|F|E|R|I|D|A|_|C|O|M|
|_|T|R|A|N|S|F|E|R|I|D|A|_|C|O|M|
|T|R|A|N|S|F|E|R|I|D|A|_|C|O|M|
|R|A|N|S|F|E|R|I|D|A|_|C|O|M|
|A|N|S|F|E|R|I|D|A|_|C|O|M|
|N|S|F|E|R|I|D|A|_|C|O|M|
|S|F|E|R|I|D|A|_|C|O|M|
|F|E|R|I|D|A|_|C|O|M|
|E|R|I|D|A|_|C|O|M|
|R|I|D|A|_|C|O|M|
|I|D|A|_|C|O|M|
|D|A|_|C|O|M|
|D|_|C|O|M|
|D|_|O|M|
|D|_|O|
|D|_|
|D|
|
