            |  size=0  top=X  isEmpty=1
push(0):    |0|  size=1  top=0  isEmpty=0
push(1):    |1|0|  size=2  top=1  isEmpty=0
push(2):    |2|1|0|  size=3  top=2  isEmpty=0
push(3):    |3|2|1|0|  size=4  top=3  isEmpty=0
push(4):    |4|3|2|1|0|  size=5  top=4  isEmpty=0
push(5):    |5|4|3|2|1|0|  size=6  top=5  isEmpty=0
push(6):    |6|5|4|3|2|1|0|  size=7  top=6  isEmpty=0
push(7):    |7|6|5|4|3|2|1|0|  size=8  top=7  isEmpty=0
push(8):    |8|7|6|5|4|3|2|1|0|  size=9  top=8  isEmpty=0
push(9):    |9|8|7|6|5|4|3|2|1|0|  size=10  top=9  isEmpty=0
pop(9):     |8|7|6|5|4|3|2|1|0|  size=9  top=8  isEmpty=0
pop(8):     |7|6|5|4|3|2|1|0|  size=8  top=7  isEmpty=0
pop(7):     |6|5|4|3|2|1|0|  size=7  top=6  isEmpty=0
pop(6):     |5|4|3|2|1|0|  size=6  top=5  isEmpty=0
pop(5):     |4|3|2|1|0|  size=5  top=4  isEmpty=0
pop(4):     |3|2|1|0|  size=4  top=3  isEmpty=0
pop(3):     |2|1|0|  size=3  top=2  isEmpty=0
pop(2):     |1|0|  size=2  top=1  isEmpty=0
pop(1):     |0|  size=1  top=0  isEmpty=0
pop(0):     |  size=0  top=X  isEmpty=1
pop(X):     |  size=0  top=X  isEmpty=1
